Added Component: Designator=C1(CAPC1005N)
Added Component: Designator=CON1(HDR2X5)
Added Component: Designator=U7(MRF24J40MB)
Added Pin To Net: NetName=3.3V Pin=C1-1
Added Pin To Net: NetName=3.3V Pin=CON1-10
Added Pin To Net: NetName=3.3V Pin=U7-10
Added Net: Name=3.3V
Added Pin To Net: NetName=GND Pin=C1-2
Added Pin To Net: NetName=GND Pin=CON1-9
Added Pin To Net: NetName=GND Pin=U7-1
Added Pin To Net: NetName=GND Pin=U7-11
Added Pin To Net: NetName=GND Pin=U7-12
Added Net: Name=GND
Added Pin To Net: NetName=NetCON1_1 Pin=CON1-1
Added Pin To Net: NetName=NetCON1_1 Pin=U7-4
Added Net: Name=NetCON1_1
Added Pin To Net: NetName=NetCON1_2 Pin=CON1-2
Added Pin To Net: NetName=NetCON1_2 Pin=U7-5
Added Net: Name=NetCON1_2
Added Pin To Net: NetName=NetCON1_3 Pin=CON1-3
Added Pin To Net: NetName=NetCON1_3 Pin=U7-3
Added Net: Name=NetCON1_3
Added Pin To Net: NetName=NetCON1_4 Pin=CON1-4
Added Pin To Net: NetName=NetCON1_4 Pin=U7-6
Added Net: Name=NetCON1_4
Added Pin To Net: NetName=NetCON1_5 Pin=CON1-5
Added Pin To Net: NetName=NetCON1_5 Pin=U7-2
Added Net: Name=NetCON1_5
Added Pin To Net: NetName=NetCON1_6 Pin=CON1-6
Added Pin To Net: NetName=NetCON1_6 Pin=U7-7
Added Net: Name=NetCON1_6
Added Pin To Net: NetName=NetCON1_8 Pin=CON1-8
Added Pin To Net: NetName=NetCON1_8 Pin=U7-8
Added Net: Name=NetCON1_8
Added Class: Name=Glucometer-I.C.- RF Module
