Removed Pin From Net: NetName=NetCON1_1 Pin=CON2-1
Removed Pin From Net: NetName=NetCON1_3 Pin=CON2-2
Removed Pin From Net: NetName=NetCON2_3 Pin=CON2-3
Removed Pin From Net: NetName=5V Pin=CON2-4
Removed Pin From Net: NetName=GND Pin=CON2-5
Removed Pin From Net: NetName=NetC2_2 Pin=CON2-6
Removed Pin From Net: NetName=NetC2_1 Pin=CON2-7
Removed Pin From Net: NetName=VGND Pin=CON2-8
Removed Pin From Net: NetName=3.3V Pin=U6-1
Removed Pin From Net: NetName=NetCON2_3 Pin=U6-2
Removed Pin From Net: NetName=GND Pin=U6-3
Removed Pin From Net: NetName=3.3V Pin=U6-4
Removed Pin From Net: NetName=3.3V Pin=U6-5
Removed Pin From Net: NetName=NetU6_6 Pin=U6-6
Removed Pin From Net: NetName=NetU6_7 Pin=U6-7
Removed Pin From Net: NetName=GND Pin=U6-8
Removed Pin From Net: NetName=GND Pin=U6-9
Removed Pin From Net: NetName=GND Pin=U6-10
Removed Pin From Net: NetName=GND Pin=U6-11
Change Component Footprint: Designator=C3 Old Footprint=RAD-0.3 New Footprint=CAPR5-4X5
Change Component Footprint: Designator=C4 Old Footprint=RAD-0.3 New Footprint=CAPR5-4X5
Change Component Footprint: Designator=C9 Old Footprint=RB7.6-15 New Footprint=C-10x10
Added Component: Designator=CON2(HDR1X8)
Added Component: Designator=U6(R-14_N)
Added Pin To Net: NetName=NetCON1_1 Pin=CON2-1
Added Pin To Net: NetName=NetCON1_3 Pin=CON2-2
Added Pin To Net: NetName=NetCON2_3 Pin=CON2-3
Added Pin To Net: NetName=5V Pin=CON2-4
Added Pin To Net: NetName=GND Pin=CON2-5
Added Pin To Net: NetName=NetC2_2 Pin=CON2-6
Added Pin To Net: NetName=NetC2_1 Pin=CON2-7
Added Pin To Net: NetName=VGND Pin=CON2-8
Added Pin To Net: NetName=3.3V Pin=U6-1
Added Pin To Net: NetName=NetCON2_3 Pin=U6-2
Added Pin To Net: NetName=GND Pin=U6-3
Added Pin To Net: NetName=3.3V Pin=U6-4
Added Pin To Net: NetName=3.3V Pin=U6-5
Added Pin To Net: NetName=NetU6_6 Pin=U6-6
Added Pin To Net: NetName=NetU6_7 Pin=U6-7
Added Pin To Net: NetName=GND Pin=U6-8
Added Pin To Net: NetName=GND Pin=U6-9
Added Pin To Net: NetName=GND Pin=U6-10
Added Pin To Net: NetName=GND Pin=U6-11
Added Member To Class: ClassName=Glucometer-InstrumentationCircuit-SMD Member=Component CON2 Header 8
Added Member To Class: ClassName=Glucometer-InstrumentationCircuit-SMD Member=Component U6 AD5241
