Removed Pin From Net: NetName=VCC Pin=C1-1
Removed Pin From Net: NetName=NetCON2_3 Pin=CON2-3
Removed Pin From Net: NetName=VCC Pin=CON2-4
Removed Pin From Net: NetName=GND Pin=CON2-5
Removed Pin From Net: NetName=NetC2_2 Pin=CON2-6
Removed Pin From Net: NetName=NetC2_1 Pin=CON2-7
Removed Pin From Net: NetName=VGND Pin=CON2-8
Removed Pin From Net: NetName=VCC Pin=R1-2
Removed Pin From Net: NetName=NetC2_1 Pin=R2-1
Removed Pin From Net: NetName=NetC2_2 Pin=R2-2
Removed Pin From Net: NetName=NetC2_1 Pin=R3-1
Removed Pin From Net: NetName=NetC2_2 Pin=R3-2
Removed Pin From Net: NetName=NetR1_1 Pin=RV1-1
Removed Pin From Net: NetName=GND Pin=RV1-3
Removed Pin From Net: NetName=VCC Pin=U1-4
Removed Pin From Net: NetName=GND Pin=U1-11
Removed Pin From Net: NetName=NetRV1_3 Pin=U2-1
Removed Pin From Net: NetName=GND Pin=U2-2
Removed Pin From Net: NetName=NetR1_1 Pin=U2-3
Removed Pin From Net: NetName=VCC Pin=uC-13
Removed Pin From Net: NetName=NetCON3_4 Pin=uC-14
Removed Pin From Net: NetName=NetCON3_5 Pin=uC-15
Removed Pin From Net: NetName=VCC Pin=uC-28
Change Component DesignItemId : Designator=U5 Old DesignItemId=AD5241 New DesignItemId=에78M05CKTPR
Change Component DesignItemId : Designator=U2 Old DesignItemId=LM385Z New DesignItemId=LM385BM
Change Component DesignItemId : Designator=R2 Old DesignItemId=Res3 New DesignItemId=Res1
Change Component DesignItemId : Designator=R3 Old DesignItemId=Res3 New DesignItemId=Res1
Change Component DesignItemId : Designator=U3 Old DesignItemId=에78M05CKTPR New DesignItemId=SMT811TW16F
Change Component Footprint: Designator=R1 Old Footprint=12Z-2010 New Footprint=RESC5025N
Change Component Footprint: Designator=R2 Old Footprint=12Z-2010 New Footprint=RESC5025N
Change Component Footprint: Designator=R3 Old Footprint=12Z-2010 New Footprint=RESC5025N
Change Component Footprint: Designator=C1 Old Footprint=CAPC1005M New Footprint=CAPC4532N
Change Component Footprint: Designator=U3 Old Footprint=KTP02 New Footprint=SOT143
Change Component Footprint: Designator=U5 Old Footprint=R-14_N New Footprint=KTP02
Change Component Footprint: Designator=C5 Old Footprint=RAD-0.3 New Footprint=CAPC4532N
Change Component Footprint: Designator=C6 Old Footprint=RAD-0.3 New Footprint=CAPC4532N
Change Component Footprint: Designator=C7 Old Footprint=RAD-0.3 New Footprint=CAPC4532N
Change Component Footprint: Designator=U2 Old Footprint=TO-92 New Footprint=M08A_N
Change Component Footprint: Designator=RV1 Old Footprint=VR4 New Footprint=VR5
Change Component Comment : Designator=U5 Old Comment=AD5241 New Comment=에78M05CKTPR
Change Component Comment : Designator=U2 Old Comment=LM385Z New Comment=LM385BM
Change Component Comment : Designator=R2 Old Comment=Res3 New Comment=Res1
Change Component Comment : Designator=R3 Old Comment=Res3 New Comment=Res1
Change Component Comment : Designator=U3 Old Comment=에78M05CKTPR New Comment=SMT811TW16F
Change Component Designator: OldDesignator=U6 NewDesignator=U7
Added Component: Designator=C8(RB7.6-15)
Added Component: Designator=C9(RB7.6-15)
Added Component: Designator=C10(RB7.6-15)
Added Component: Designator=C11(CAPC4532N)
Added Component: Designator=C12(RB7.6-15)
Added Component: Designator=C13(RB7.6-15)
Added Component: Designator=C14(CAPC4532N)
Added Component: Designator=CON2(HDR1X8)
Added Component: Designator=D3(DO-35)
Added Component: Designator=SW1(SPST-2)
Added Component: Designator=U6(R-14_N)
Added Pin To Net: NetName=GND Pin=C8-2
Added Pin To Net: NetName=GND Pin=C9-2
Added Pin To Net: NetName=VCC Pin=C10-1
Added Pin To Net: NetName=GND Pin=C10-2
Added Pin To Net: NetName=GND Pin=C11-1
Added Pin To Net: NetName=VCC Pin=C11-2
Added Pin To Net: NetName=GND Pin=C12-2
Added Pin To Net: NetName=GND Pin=C13-2
Added Pin To Net: NetName=GND Pin=C14-1
Added Pin To Net: NetName=NetC2_1 Pin=CON1-2
Added Pin To Net: NetName=VGND Pin=CON1-4
Added Pin To Net: NetName=GND Pin=CON1-MH1
Added Pin To Net: NetName=GND Pin=CON1-MH2
Added Pin To Net: NetName=GND Pin=CON1-MH3
Added Pin To Net: NetName=NetCON2_3 Pin=CON2-3
Added Pin To Net: NetName=GND Pin=CON2-5
Added Pin To Net: NetName=NetC2_2 Pin=CON2-6
Added Pin To Net: NetName=NetC2_1 Pin=CON2-7
Added Pin To Net: NetName=VGND Pin=CON2-8
Added Pin To Net: NetName=NetCON3_1 Pin=D3-2
Added Pin To Net: NetName=NetC2_2 Pin=R2-1
Added Pin To Net: NetName=NetC2_1 Pin=R2-2
Added Pin To Net: NetName=NetC2_2 Pin=R3-1
Added Pin To Net: NetName=NetC2_1 Pin=R3-2
Added Pin To Net: NetName=NetR1_1 Pin=RV1-3
Added Pin To Net: NetName=GND Pin=SW1-1
Added Pin To Net: NetName=NetR1_1 Pin=U2-4
Added Pin To Net: NetName=NetRV1_3 Pin=U2-5
Added Pin To Net: NetName=GND Pin=U3-1
Added Pin To Net: NetName=VCC Pin=U3-4
Added Pin To Net: NetName=VCC Pin=U4-3
Added Pin To Net: NetName=GND Pin=U4-4
Added Pin To Net: NetName=GND Pin=U5-4
Added Pin To Net: NetName=VCC Pin=U6-1
Added Pin To Net: NetName=NetCON2_3 Pin=U6-2
Added Pin To Net: NetName=GND Pin=U6-3
Added Pin To Net: NetName=VCC Pin=U6-4
Added Pin To Net: NetName=VCC Pin=U6-5
Added Pin To Net: NetName=GND Pin=U6-8
Added Pin To Net: NetName=GND Pin=U6-9
Added Pin To Net: NetName=GND Pin=U6-10
Added Pin To Net: NetName=GND Pin=U6-11
Added Pin To Net: NetName=GND Pin=U7-1
Added Pin To Net: NetName=VCC Pin=U7-10
Added Pin To Net: NetName=GND Pin=U7-11
Added Pin To Net: NetName=GND Pin=U7-12
Added Pin To Net: NetName=GND Pin=uC-19
Added Pin To Net: NetName=NetCON3_4 Pin=uC-21
Added Pin To Net: NetName=NetCON3_5 Pin=uC-22
Change Net Name : Old Net Name=VCC New Net Name=3.3V
Added Pin To Net: NetName=5V Pin=C1-1
Added Pin To Net: NetName=5V Pin=C13-1
Added Pin To Net: NetName=5V Pin=C14-2
Added Pin To Net: NetName=5V Pin=CON2-4
Added Pin To Net: NetName=5V Pin=R1-2
Added Pin To Net: NetName=5V Pin=U1-4
Added Pin To Net: NetName=5V Pin=U5-3
Added Net: Name=5V
Added Pin To Net: NetName=NetC8_1 Pin=C8-1
Added Pin To Net: NetName=NetC8_1 Pin=uC-20
Added Net: Name=NetC8_1
Added Pin To Net: NetName=NetCON1_1 Pin=CON1-1
Added Pin To Net: NetName=NetCON1_1 Pin=CON2-1
Added Pin To Net: NetName=NetCON1_1 Pin=U1-3
Added Net: Name=NetCON1_1
Added Pin To Net: NetName=NetCON1_3 Pin=CON1-3
Added Pin To Net: NetName=NetCON1_3 Pin=CON2-2
Added Pin To Net: NetName=NetCON1_3 Pin=U1-7
Added Net: Name=NetCON1_3
Added Pin To Net: NetName=NetD3_1 Pin=D3-1
Added Pin To Net: NetName=NetD3_1 Pin=U3-2
Added Net: Name=NetD3_1
Added Pin To Net: NetName=NetSW1_2 Pin=SW1-2
Added Pin To Net: NetName=NetSW1_2 Pin=U3-3
Added Net: Name=NetSW1_2
Added Pin To Net: NetName=NetU6_6 Pin=U6-6
Added Pin To Net: NetName=NetU6_6 Pin=uC-17
Added Net: Name=NetU6_6
Added Pin To Net: NetName=NetU6_7 Pin=U6-7
Added Pin To Net: NetName=NetU6_7 Pin=uC-18
Added Net: Name=NetU6_7
Added Pin To Net: NetName=NetU7_2 Pin=U7-2
Added Net: Name=NetU7_2
Added Pin To Net: NetName=NetU7_3 Pin=U7-3
Added Net: Name=NetU7_3
Added Pin To Net: NetName=NetU7_4 Pin=U7-4
Added Net: Name=NetU7_4
Added Pin To Net: NetName=NetU7_5 Pin=U7-5
Added Pin To Net: NetName=NetU7_5 Pin=uC-14
Added Net: Name=NetU7_5
Added Pin To Net: NetName=NetU7_6 Pin=U7-6
Added Pin To Net: NetName=NetU7_6 Pin=uC-16
Added Net: Name=NetU7_6
Added Pin To Net: NetName=NetU7_7 Pin=U7-7
Added Pin To Net: NetName=NetU7_7 Pin=uC-15
Added Net: Name=NetU7_7
Added Pin To Net: NetName=NetU7_8 Pin=U7-8
Added Pin To Net: NetName=NetU7_8 Pin=uC-11
Added Net: Name=NetU7_8
Added Pin To Net: NetName=VCC Pin=uC-13
Added Pin To Net: NetName=VCC Pin=uC-28
Added Net: Name=VCC
Added Pin To Net: NetName=VDD Pin=C9-1
Added Pin To Net: NetName=VDD Pin=C12-1
Added Pin To Net: NetName=VDD Pin=U4-1
Added Pin To Net: NetName=VDD Pin=U5-1
Added Net: Name=VDD
Added Pin To Net: NetName=VV- Pin=RV1-1
Added Pin To Net: NetName=VV- Pin=U1-11
Added Pin To Net: NetName=VV- Pin=U2-8
Added Net: Name=VV-
Added Member To Class: ClassName=Glucometer-InstrumentationCircuit-SMD Member=Component C8 Cap Pol1
Added Member To Class: ClassName=Glucometer-InstrumentationCircuit-SMD Member=Component C9 Cap Pol1
Added Member To Class: ClassName=Glucometer-InstrumentationCircuit-SMD Member=Component C10 Cap Pol1
Added Member To Class: ClassName=Glucometer-InstrumentationCircuit-SMD Member=Component C11 Cap
Added Member To Class: ClassName=Glucometer-InstrumentationCircuit-SMD Member=Component C12 Cap Pol1
Added Member To Class: ClassName=Glucometer-InstrumentationCircuit-SMD Member=Component C13 Cap Pol1
Added Member To Class: ClassName=Glucometer-InstrumentationCircuit-SMD Member=Component C14 Cap
Added Member To Class: ClassName=Glucometer-InstrumentationCircuit-SMD Member=Component CON2 Header 8
Added Member To Class: ClassName=Glucometer-InstrumentationCircuit-SMD Member=Component D3 1N4148
Added Member To Class: ClassName=Glucometer-InstrumentationCircuit-SMD Member=Component SW1 SW-PB
Added Member To Class: ClassName=Glucometer-InstrumentationCircuit-SMD Member=Component U7 MRF24J40MB-I/RM
Added Room: Name=Glucometer-InstrumentationCircuit-SMD
