Removed Pin From Net: NetName=VCC Pin=CON1-4
Removed Pin From Net: NetName=GND Pin=CON1-5
Removed Pin From Net: NetName=NetC2_2 Pin=CON1-6
Removed Pin From Net: NetName=NetC2_1 Pin=CON1-7
Removed Pin From Net: NetName=VGND Pin=CON1-8
Change Component DesignItemId : Designator=CON1 Old DesignItemId=Header 8 New DesignItemId=MiniDin 4Pins - SuperVideo
Change Component Footprint: Designator=CON1 Old Footprint=HDR1X8 New Footprint=CDIN2.6-3H4A
Change Component Comment : Designator=CON1 Old Comment=Header 8 New Comment=
Change Component Designator: OldDesignator=CON2 NewDesignator=CON3
Added Component: Designator=CON2(HDR1X8)
Added Pin To Net: NetName=VCC Pin=CON2-4
Added Pin To Net: NetName=GND Pin=CON2-5
Added Pin To Net: NetName=NetC2_2 Pin=CON2-6
Added Pin To Net: NetName=NetC2_1 Pin=CON2-7
Added Pin To Net: NetName=VGND Pin=CON2-8
Change Net Name : Old Net Name=NetCON2_1 New Net Name=NetCON3_1
Change Net Name : Old Net Name=NetCON2_4 New Net Name=NetCON3_4
Change Net Name : Old Net Name=NetCON2_5 New Net Name=NetCON3_5
Added Pin To Net: NetName=NetCON2_1 Pin=CON2-1
Added Pin To Net: NetName=NetCON2_1 Pin=U1-3
Added Net: Name=NetCON2_1
Added Pin To Net: NetName=NetCON2_2 Pin=CON2-2
Added Pin To Net: NetName=NetCON2_2 Pin=U1-7
Added Net: Name=NetCON2_2
Added Pin To Net: NetName=NetCON2_3 Pin=CON2-3
Added Pin To Net: NetName=NetCON2_3 Pin=U1-5
Added Net: Name=NetCON2_3
Added Member To Class: ClassName=Glucometer-InstrumentationCircuit-SMD Member=Component CON3 Header 6
