Removed Pin From Net: NetName=NetCON1_1 Pin=CON2-1
Removed Pin From Net: NetName=GND Pin=CON2-2
Removed Pin From Net: NetName=5V Pin=CON2-3
Removed Pin From Net: NetName=NetCON1_3 Pin=CON2-5
Removed Pin From Net: NetName=NetC2_2 Pin=CON2-6
Removed Pin From Net: NetName=NetC2_1 Pin=CON2-7
Removed Pin From Net: NetName=VGND Pin=CON2-8
Removed Pin From Net: NetName=NetCON2_4 Pin=U1-5
Change Component DesignItemId : Designator=CON2 Old DesignItemId=Header 8 New DesignItemId=Header 6
Change Component Footprint: Designator=CON2 Old Footprint=HDR1X8 New Footprint=HDR1X6
Change Component Footprint: Designator=R1 Old Footprint=RESC5025N New Footprint=RESC3216N
Change Component Footprint: Designator=R2 Old Footprint=RESC5025N New Footprint=RESC3216N
Change Component Comment : Designator=CON2 Old Comment=Header 8 New Comment=Header 6
Added Component: Designator=C3(CAPR5-4X5)
Added Component: Designator=C4(CAPR5-4X5)
Added Component: Designator=C5(CAPC4532N)
Added Component: Designator=C6(CAPC4532N)
Added Component: Designator=C7(CAPC4532N)
Added Component: Designator=C8(C-4x4)
Added Component: Designator=C9(C-10x10)
Added Component: Designator=C10(C-4x4)
Added Component: Designator=C11(CAPC4532N)
Added Component: Designator=C12(C-10x10)
Added Component: Designator=C13(C-4x4)
Added Component: Designator=C14(CAPC4532N)
Added Component: Designator=CON3(HDR2X5)
Added Component: Designator=D3(DO-35)
Added Component: Designator=SW1(SPST-2)
Added Component: Designator=U3(SOT143)
Added Component: Designator=U4(KTP02)
Added Component: Designator=U5(KTP02)
Added Component: Designator=U6(R-14_N)
Added Component: Designator=U7(MRF24J40MB)
Added Component: Designator=uC(SOIC-SO28_N)
Added Component: Designator=X1(R38)
Added Pin To Net: NetName=GND Pin=C3-1
Added Pin To Net: NetName=GND Pin=C4-1
Added Pin To Net: NetName=GND Pin=C5-1
Added Pin To Net: NetName=GND Pin=C6-1
Added Pin To Net: NetName=GND Pin=C7-1
Added Pin To Net: NetName=GND Pin=C8-2
Added Pin To Net: NetName=GND Pin=C9-2
Added Pin To Net: NetName=GND Pin=C10-2
Added Pin To Net: NetName=GND Pin=C11-1
Added Pin To Net: NetName=GND Pin=C12-2
Added Pin To Net: NetName=5V Pin=C13-1
Added Pin To Net: NetName=GND Pin=C13-2
Added Pin To Net: NetName=GND Pin=C14-1
Added Pin To Net: NetName=5V Pin=C14-2
Added Pin To Net: NetName=GND Pin=CON2-3
Added Pin To Net: NetName=GND Pin=SW1-1
Added Pin To Net: NetName=GND Pin=U3-1
Added Pin To Net: NetName=GND Pin=U4-4
Added Pin To Net: NetName=5V Pin=U5-3
Added Pin To Net: NetName=GND Pin=U5-4
Added Pin To Net: NetName=GND Pin=U6-3
Added Pin To Net: NetName=GND Pin=U6-8
Added Pin To Net: NetName=GND Pin=U6-9
Added Pin To Net: NetName=GND Pin=U6-10
Added Pin To Net: NetName=GND Pin=U6-11
Added Pin To Net: NetName=GND Pin=U7-1
Added Pin To Net: NetName=GND Pin=U7-11
Added Pin To Net: NetName=GND Pin=U7-12
Added Pin To Net: NetName=GND Pin=uC-8
Added Pin To Net: NetName=GND Pin=uC-19
Added Pin To Net: NetName=NetCON2_4 Pin=uC-21
Added Pin To Net: NetName=GND Pin=uC-27
Added Pin To Net: NetName=3.3V Pin=C5-2
Added Pin To Net: NetName=3.3V Pin=C6-2
Added Pin To Net: NetName=3.3V Pin=C7-2
Added Pin To Net: NetName=3.3V Pin=C10-1
Added Pin To Net: NetName=3.3V Pin=C11-2
Added Pin To Net: NetName=3.3V Pin=CON2-2
Added Pin To Net: NetName=3.3V Pin=U3-4
Added Pin To Net: NetName=3.3V Pin=U4-3
Added Pin To Net: NetName=3.3V Pin=U6-1
Added Pin To Net: NetName=3.3V Pin=U6-4
Added Pin To Net: NetName=3.3V Pin=U6-5
Added Pin To Net: NetName=3.3V Pin=U7-10
Added Net: Name=3.3V
Added Pin To Net: NetName=NetC3_2 Pin=C3-2
Added Pin To Net: NetName=NetC3_2 Pin=uC-9
Added Pin To Net: NetName=NetC3_2 Pin=X1-1
Added Net: Name=NetC3_2
Added Pin To Net: NetName=NetC4_2 Pin=C4-2
Added Pin To Net: NetName=NetC4_2 Pin=uC-10
Added Pin To Net: NetName=NetC4_2 Pin=X1-2
Added Net: Name=NetC4_2
Added Pin To Net: NetName=NetC8_1 Pin=C8-1
Added Pin To Net: NetName=NetC8_1 Pin=uC-20
Added Net: Name=NetC8_1
Added Pin To Net: NetName=NetCON2_1 Pin=CON2-1
Added Pin To Net: NetName=NetCON2_1 Pin=D3-2
Added Pin To Net: NetName=NetCON2_1 Pin=uC-1
Added Net: Name=NetCON2_1
Added Pin To Net: NetName=NetCON2_5 Pin=CON2-5
Added Pin To Net: NetName=NetCON2_5 Pin=uC-22
Added Net: Name=NetCON2_5
Added Pin To Net: NetName=NetD3_1 Pin=D3-1
Added Pin To Net: NetName=NetD3_1 Pin=U3-2
Added Net: Name=NetD3_1
Added Pin To Net: NetName=NetSW1_2 Pin=SW1-2
Added Pin To Net: NetName=NetSW1_2 Pin=U3-3
Added Net: Name=NetSW1_2
Added Pin To Net: NetName=NetU1_5 Pin=U1-5
Added Pin To Net: NetName=NetU1_5 Pin=U6-2
Added Net: Name=NetU1_5
Added Pin To Net: NetName=NetU6_6 Pin=U6-6
Added Pin To Net: NetName=NetU6_6 Pin=uC-17
Added Net: Name=NetU6_6
Added Pin To Net: NetName=NetU6_7 Pin=U6-7
Added Pin To Net: NetName=NetU6_7 Pin=uC-18
Added Net: Name=NetU6_7
Added Pin To Net: NetName=NetU7_2 Pin=U7-2
Added Net: Name=NetU7_2
Added Pin To Net: NetName=NetU7_3 Pin=U7-3
Added Net: Name=NetU7_3
Added Pin To Net: NetName=NetU7_4 Pin=U7-4
Added Net: Name=NetU7_4
Added Pin To Net: NetName=NetU7_5 Pin=U7-5
Added Pin To Net: NetName=NetU7_5 Pin=uC-14
Added Net: Name=NetU7_5
Added Pin To Net: NetName=NetU7_6 Pin=U7-6
Added Pin To Net: NetName=NetU7_6 Pin=uC-16
Added Net: Name=NetU7_6
Added Pin To Net: NetName=NetU7_7 Pin=U7-7
Added Pin To Net: NetName=NetU7_7 Pin=uC-15
Added Net: Name=NetU7_7
Added Pin To Net: NetName=NetU7_8 Pin=U7-8
Added Pin To Net: NetName=NetU7_8 Pin=uC-11
Added Net: Name=NetU7_8
Added Pin To Net: NetName=NetuC_2 Pin=uC-2
Added Net: Name=NetuC_2
Added Pin To Net: NetName=NetuC_3 Pin=uC-3
Added Net: Name=NetuC_3
Added Pin To Net: NetName=NetuC_4 Pin=uC-4
Added Net: Name=NetuC_4
Added Pin To Net: NetName=NetuC_5 Pin=uC-5
Added Net: Name=NetuC_5
Added Pin To Net: NetName=NetuC_6 Pin=uC-6
Added Net: Name=NetuC_6
Added Pin To Net: NetName=NetuC_7 Pin=uC-7
Added Net: Name=NetuC_7
Added Pin To Net: NetName=NetuC_12 Pin=uC-12
Added Net: Name=NetuC_12
Added Pin To Net: NetName=NetuC_23 Pin=uC-23
Added Net: Name=NetuC_23
Added Pin To Net: NetName=NetuC_24 Pin=uC-24
Added Net: Name=NetuC_24
Added Pin To Net: NetName=NetuC_25 Pin=uC-25
Added Net: Name=NetuC_25
Added Pin To Net: NetName=NetuC_26 Pin=uC-26
Added Net: Name=NetuC_26
Added Pin To Net: NetName=VCC Pin=uC-13
Added Pin To Net: NetName=VCC Pin=uC-28
Added Net: Name=VCC
Added Pin To Net: NetName=VDD Pin=C9-1
Added Pin To Net: NetName=VDD Pin=C12-1
Added Pin To Net: NetName=VDD Pin=U4-1
Added Pin To Net: NetName=VDD Pin=U5-1
Added Net: Name=VDD
Change Class Name : Old Net Name=Glucometer-I.C.-Amp Test- V1 New Net Name=Glucometer-I.C.- Full V1
Added Member To Class: ClassName=Glucometer-I.C.- Full V1 Member=Component C3 Cap
Added Member To Class: ClassName=Glucometer-I.C.- Full V1 Member=Component C4 Cap
Added Member To Class: ClassName=Glucometer-I.C.- Full V1 Member=Component C5 Cap
Added Member To Class: ClassName=Glucometer-I.C.- Full V1 Member=Component C6 Cap
Added Member To Class: ClassName=Glucometer-I.C.- Full V1 Member=Component C7 Cap
Added Member To Class: ClassName=Glucometer-I.C.- Full V1 Member=Component C8 Cap Pol1
Added Member To Class: ClassName=Glucometer-I.C.- Full V1 Member=Component C9 Cap Pol1
Added Member To Class: ClassName=Glucometer-I.C.- Full V1 Member=Component C10 Cap Pol1
Added Member To Class: ClassName=Glucometer-I.C.- Full V1 Member=Component C11 Cap
Added Member To Class: ClassName=Glucometer-I.C.- Full V1 Member=Component C12 Cap Pol1
Added Member To Class: ClassName=Glucometer-I.C.- Full V1 Member=Component C13 Cap Pol1
Added Member To Class: ClassName=Glucometer-I.C.- Full V1 Member=Component C14 Cap
Added Member To Class: ClassName=Glucometer-I.C.- Full V1 Member=Component CON3 Header 5X2
Added Member To Class: ClassName=Glucometer-I.C.- Full V1 Member=Component D3 1N4148
Added Member To Class: ClassName=Glucometer-I.C.- Full V1 Member=Component SW1 SW-PB
Added Member To Class: ClassName=Glucometer-I.C.- Full V1 Member=Component U3 SMT811TW16F
Added Member To Class: ClassName=Glucometer-I.C.- Full V1 Member=Component U4 µA78M33CKVURG3
Added Member To Class: ClassName=Glucometer-I.C.- Full V1 Member=Component U5 µA78M05CKTPR
Added Member To Class: ClassName=Glucometer-I.C.- Full V1 Member=Component U6 AD5241
Added Member To Class: ClassName=Glucometer-I.C.- Full V1 Member=Component U7 MRF24J40MB-I/RM
Added Member To Class: ClassName=Glucometer-I.C.- Full V1 Member=Component uC PIC24FJ64GA102-I/SO
Added Member To Class: ClassName=Glucometer-I.C.- Full V1 Member=Component X1 XTAL
