Removed Pin From Net: NetName=NetCON2_1 Pin=CON2-1
Removed Pin From Net: NetName=NetCON2_2 Pin=CON2-2
Removed Pin From Net: NetName=NetCON2_3 Pin=CON2-3
Removed Pin From Net: NetName=VCC Pin=CON2-4
Removed Pin From Net: NetName=GND Pin=CON2-5
Removed Pin From Net: NetName=NetC2_2 Pin=CON2-6
Removed Pin From Net: NetName=NetC2_1 Pin=CON2-7
Removed Pin From Net: NetName=VGND Pin=CON2-8
Added Component: Designator=CON2(HDR1X8)
Added Component: Designator=U6(MRF24J40MB)
Added Pin To Net: NetName=NetCON2_1 Pin=CON2-1
Added Pin To Net: NetName=NetCON2_2 Pin=CON2-2
Added Pin To Net: NetName=NetCON2_3 Pin=CON2-3
Added Pin To Net: NetName=VCC Pin=CON2-4
Added Pin To Net: NetName=GND Pin=CON2-5
Added Pin To Net: NetName=NetC2_2 Pin=CON2-6
Added Pin To Net: NetName=NetC2_1 Pin=CON2-7
Added Pin To Net: NetName=VGND Pin=CON2-8
Added Member To Class: ClassName=Glucometer-InstrumentationCircuit-SMD Member=Component CON2 Header 8
Added Member To Class: ClassName=Glucometer-InstrumentationCircuit-SMD Member=Component U6 MRF24J40MB-I/RM
